<?xml version="1.0" encoding="UTF-8"?>
<testng-results ignored="0" total="4" passed="4" failed="0" skipped="0">
  <reporter-output>
  </reporter-output>
  <suite started-at="2022-05-26T17:10:18 IST" name="Suite" finished-at="2022-05-26T17:11:14 IST" duration-ms="55985">
    <groups>
    </groups>
    <test started-at="2022-05-26T17:10:18 IST" name="ChromeTest" finished-at="2022-05-26T17:11:11 IST" duration-ms="53025">
      <class name="TestClasses.Testcls1">
        <test-method is-config="true" signature="launchbrowser(java.lang.String)[pri:0, instance:TestClasses.Testcls1@64cd705f]" started-at="2022-05-26T17:10:18 IST" name="launchbrowser" finished-at="2022-05-26T17:10:19 IST" duration-ms="1218" status="PASS">
          <params>
            <param index="0">
              <value>
                <![CDATA[Chrome]]>
              </value>
            </param>
          </params>
          <reporter-output>
          </reporter-output>
        </test-method> <!-- launchbrowser -->
        <test-method is-config="true" signature="createPOMobject()[pri:0, instance:TestClasses.Testcls1@64cd705f]" started-at="2022-05-26T17:10:19 IST" name="createPOMobject" finished-at="2022-05-26T17:10:19 IST" duration-ms="21" status="PASS">
          <reporter-output>
          </reporter-output>
        </test-method> <!-- createPOMobject -->
        <test-method is-config="true" signature="loginToApplication()[pri:0, instance:TestClasses.Testcls1@64cd705f]" started-at="2022-05-26T17:10:19 IST" name="loginToApplication" finished-at="2022-05-26T17:10:37 IST" duration-ms="18003" status="PASS">
          <reporter-output>
          </reporter-output>
        </test-method> <!-- loginToApplication -->
        <test-method signature="verifyReportsTab()[pri:0, instance:TestClasses.Testcls1@64cd705f]" started-at="2022-05-26T17:10:37 IST" name="verifyReportsTab" finished-at="2022-05-26T17:10:59 IST" duration-ms="22185" status="PASS">
          <reporter-output>
          </reporter-output>
        </test-method> <!-- verifyReportsTab -->
        <test-method is-config="true" signature="logoutFromApplication()[pri:0, instance:TestClasses.Testcls1@64cd705f]" started-at="2022-05-26T17:10:59 IST" name="logoutFromApplication" finished-at="2022-05-26T17:11:01 IST" duration-ms="1544" status="PASS">
          <reporter-output>
          </reporter-output>
        </test-method> <!-- logoutFromApplication -->
        <test-method is-config="true" signature="loginToApplication()[pri:0, instance:TestClasses.Testcls1@64cd705f]" started-at="2022-05-26T17:11:01 IST" name="loginToApplication" finished-at="2022-05-26T17:11:02 IST" duration-ms="1146" status="PASS">
          <reporter-output>
          </reporter-output>
        </test-method> <!-- loginToApplication -->
        <test-method signature="verifyTaskTab()[pri:0, instance:TestClasses.Testcls1@64cd705f]" started-at="2022-05-26T17:11:02 IST" name="verifyTaskTab" finished-at="2022-05-26T17:11:10 IST" duration-ms="7490" status="PASS">
          <reporter-output>
          </reporter-output>
        </test-method> <!-- verifyTaskTab -->
        <test-method is-config="true" signature="logoutFromApplication()[pri:0, instance:TestClasses.Testcls1@64cd705f]" started-at="2022-05-26T17:11:10 IST" name="logoutFromApplication" finished-at="2022-05-26T17:11:11 IST" duration-ms="1028" status="PASS">
          <reporter-output>
          </reporter-output>
        </test-method> <!-- logoutFromApplication -->
        <test-method is-config="true" signature="clearObject()[pri:0, instance:TestClasses.Testcls1@64cd705f]" started-at="2022-05-26T17:11:11 IST" name="clearObject" finished-at="2022-05-26T17:11:11 IST" duration-ms="0" status="PASS">
          <reporter-output>
          </reporter-output>
        </test-method> <!-- clearObject -->
        <test-method is-config="true" signature="closedBrowser()[pri:0, instance:TestClasses.Testcls1@64cd705f]" started-at="2022-05-26T17:11:11 IST" name="closedBrowser" finished-at="2022-05-26T17:11:11 IST" duration-ms="353" status="PASS">
          <reporter-output>
          </reporter-output>
        </test-method> <!-- closedBrowser -->
      </class> <!-- TestClasses.Testcls1 -->
    </test> <!-- ChromeTest -->
    <test started-at="2022-05-26T17:10:18 IST" name="EdgeTest" finished-at="2022-05-26T17:11:14 IST" duration-ms="55985">
      <class name="TestClasses.Testcls1">
        <test-method is-config="true" signature="launchbrowser(java.lang.String)[pri:0, instance:TestClasses.Testcls1@1ab3a8c8]" started-at="2022-05-26T17:10:18 IST" name="launchbrowser" finished-at="2022-05-26T17:10:21 IST" duration-ms="2632" status="PASS">
          <params>
            <param index="0">
              <value>
                <![CDATA[Edge]]>
              </value>
            </param>
          </params>
          <reporter-output>
          </reporter-output>
        </test-method> <!-- launchbrowser -->
        <test-method is-config="true" signature="createPOMobject()[pri:0, instance:TestClasses.Testcls1@1ab3a8c8]" started-at="2022-05-26T17:10:21 IST" name="createPOMobject" finished-at="2022-05-26T17:10:21 IST" duration-ms="2" status="PASS">
          <reporter-output>
          </reporter-output>
        </test-method> <!-- createPOMobject -->
        <test-method is-config="true" signature="loginToApplication()[pri:0, instance:TestClasses.Testcls1@1ab3a8c8]" started-at="2022-05-26T17:10:21 IST" name="loginToApplication" finished-at="2022-05-26T17:10:35 IST" duration-ms="14392" status="PASS">
          <reporter-output>
          </reporter-output>
        </test-method> <!-- loginToApplication -->
        <test-method signature="verifyReportsTab()[pri:0, instance:TestClasses.Testcls1@1ab3a8c8]" started-at="2022-05-26T17:10:35 IST" name="verifyReportsTab" finished-at="2022-05-26T17:11:03 IST" duration-ms="28340" status="PASS">
          <reporter-output>
          </reporter-output>
        </test-method> <!-- verifyReportsTab -->
        <test-method is-config="true" signature="logoutFromApplication()[pri:0, instance:TestClasses.Testcls1@1ab3a8c8]" started-at="2022-05-26T17:11:03 IST" name="logoutFromApplication" finished-at="2022-05-26T17:11:05 IST" duration-ms="1582" status="PASS">
          <reporter-output>
          </reporter-output>
        </test-method> <!-- logoutFromApplication -->
        <test-method is-config="true" signature="loginToApplication()[pri:0, instance:TestClasses.Testcls1@1ab3a8c8]" started-at="2022-05-26T17:11:05 IST" name="loginToApplication" finished-at="2022-05-26T17:11:06 IST" duration-ms="1123" status="PASS">
          <reporter-output>
          </reporter-output>
        </test-method> <!-- loginToApplication -->
        <test-method signature="verifyTaskTab()[pri:0, instance:TestClasses.Testcls1@1ab3a8c8]" started-at="2022-05-26T17:11:06 IST" name="verifyTaskTab" finished-at="2022-05-26T17:11:13 IST" duration-ms="6741" status="PASS">
          <reporter-output>
          </reporter-output>
        </test-method> <!-- verifyTaskTab -->
        <test-method is-config="true" signature="logoutFromApplication()[pri:0, instance:TestClasses.Testcls1@1ab3a8c8]" started-at="2022-05-26T17:11:13 IST" name="logoutFromApplication" finished-at="2022-05-26T17:11:14 IST" duration-ms="1033" status="PASS">
          <reporter-output>
          </reporter-output>
        </test-method> <!-- logoutFromApplication -->
        <test-method is-config="true" signature="clearObject()[pri:0, instance:TestClasses.Testcls1@1ab3a8c8]" started-at="2022-05-26T17:11:14 IST" name="clearObject" finished-at="2022-05-26T17:11:14 IST" duration-ms="0" status="PASS">
          <reporter-output>
          </reporter-output>
        </test-method> <!-- clearObject -->
        <test-method is-config="true" signature="closedBrowser()[pri:0, instance:TestClasses.Testcls1@1ab3a8c8]" started-at="2022-05-26T17:11:14 IST" name="closedBrowser" finished-at="2022-05-26T17:11:14 IST" duration-ms="126" status="PASS">
          <reporter-output>
          </reporter-output>
        </test-method> <!-- closedBrowser -->
      </class> <!-- TestClasses.Testcls1 -->
    </test> <!-- EdgeTest -->
  </suite> <!-- Suite -->
</testng-results>
