<?xml version="1.0" encoding="UTF-8"?>
<!-- Generated by org.testng.reporters.JUnitXMLReporter -->
<testsuite ignored="0" hostname="Komal" failures="1" tests="2" name="FirefoxTest" time="21.628" errors="0" timestamp="2022-05-26T14:49:42 IST">
  <testcase classname="TestClasses.Testcls1" name="@AfterMethod logoutFromApplication" time="0.022">
    <failure type="org.openqa.selenium.ElementClickInterceptedException" message="Element &amp;lt;a id=&amp;quot;logoutLink&amp;quot; class=&amp;quot;logout&amp;quot; href=&amp;quot;/kpatil/logout.do&amp;quot;&amp;gt; is not clickable at point (1326,17) because another element &amp;lt;div id=&amp;quot;preInsertedTransformedMoireId&amp;quot; class=&amp;quot;transformedMoireClass&amp;quot;&amp;gt; obscures it
Build info: version: &amp;apos;3.141.59&amp;apos;, revision: &amp;apos;e82be7d358&amp;apos;, time: &amp;apos;2018-11-14T08:17:03&amp;apos;
System info: host: &amp;apos;KOMAL&amp;apos;, ip: &amp;apos;192.168.0.103&amp;apos;, os.name: &amp;apos;Windows 11&amp;apos;, os.arch: &amp;apos;amd64&amp;apos;, os.version: &amp;apos;10.0&amp;apos;, java.version: &amp;apos;17.0.2&amp;apos;
Driver info: org.openqa.selenium.firefox.FirefoxDriver
Capabilities {acceptInsecureCerts: true, browserName: firefox, browserVersion: 100.0.2, javascriptEnabled: true, moz:accessibilityChecks: false, moz:buildID: 20220519220738, moz:geckodriverVersion: 0.31.0, moz:headless: false, moz:processID: 31696, moz:profile: C:\Users\kvpat\AppData\Loca..., moz:shutdownTimeout: 60000, moz:useNonSpecCompliantPointerOrigin: false, moz:webdriverClick: true, pageLoadStrategy: normal, platform: WINDOWS, platformName: WINDOWS, platformVersion: 10.0, proxy: Proxy(), setWindowRect: true, strictFileInteractability: false, timeouts: {implicit: 0, pageLoad: 300000, script: 30000}, unhandledPromptBehavior: dismiss and notify}
Session ID: 96d984e7-2e06-4ea6-95c9-23ace422f8dd">
      <![CDATA[org.openqa.selenium.ElementClickInterceptedException: Element <a id="logoutLink" class="logout" href="/kpatil/logout.do"> is not clickable at point (1326,17) because another element <div id="preInsertedTransformedMoireId" class="transformedMoireClass"> obscures it
Build info: version: '3.141.59', revision: 'e82be7d358', time: '2018-11-14T08:17:03'
System info: host: 'KOMAL', ip: '192.168.0.103', os.name: 'Windows 11', os.arch: 'amd64', os.version: '10.0', java.version: '17.0.2'
Driver info: org.openqa.selenium.firefox.FirefoxDriver
Capabilities {acceptInsecureCerts: true, browserName: firefox, browserVersion: 100.0.2, javascriptEnabled: true, moz:accessibilityChecks: false, moz:buildID: 20220519220738, moz:geckodriverVersion: 0.31.0, moz:headless: false, moz:processID: 31696, moz:profile: C:\Users\kvpat\AppData\Loca..., moz:shutdownTimeout: 60000, moz:useNonSpecCompliantPointerOrigin: false, moz:webdriverClick: true, pageLoadStrategy: normal, platform: WINDOWS, platformName: WINDOWS, platformVersion: 10.0, proxy: Proxy(), setWindowRect: true, strictFileInteractability: false, timeouts: {implicit: 0, pageLoad: 300000, script: 30000}, unhandledPromptBehavior: dismiss and notify}
Session ID: 96d984e7-2e06-4ea6-95c9-23ace422f8dd
at org.openqa.selenium.remote.http.W3CHttpResponseCodec.createException(W3CHttpResponseCodec.java:187)
at org.openqa.selenium.remote.http.W3CHttpResponseCodec.decode(W3CHttpResponseCodec.java:122)
at org.openqa.selenium.remote.http.W3CHttpResponseCodec.decode(W3CHttpResponseCodec.java:49)
at org.openqa.selenium.remote.HttpCommandExecutor.execute(HttpCommandExecutor.java:158)
at org.openqa.selenium.remote.service.DriverCommandExecutor.execute(DriverCommandExecutor.java:83)
at org.openqa.selenium.remote.RemoteWebDriver.execute(RemoteWebDriver.java:552)
at org.openqa.selenium.remote.RemoteWebElement.execute(RemoteWebElement.java:285)
at org.openqa.selenium.remote.RemoteWebElement.click(RemoteWebElement.java:84)
at org.openqa.selenium.support.pagefactory.internal.LocatingElementHandler.invoke(LocatingElementHandler.java:51)
at jdk.proxy2/jdk.proxy2.$Proxy17.click(Unknown Source)
at PomClasses.ApplicationHeader.Logout(ApplicationHeader.java:47)
at TestClasses.Testcls1.logoutFromApplication(Testcls1.java:97)
at java.base/java.util.ArrayList.forEach(ArrayList.java:1511)
... Removed 41 stack frames]]>
    </failure>
  </testcase> <!-- @AfterMethod logoutFromApplication -->
  <testcase classname="TestClasses.Testcls1" name="@BeforeMethod loginToApplication" time="-1.653556782699E9">
    <skipped/>
  </testcase> <!-- @BeforeMethod loginToApplication -->
  <testcase classname="TestClasses.Testcls1" name="@AfterMethod logoutFromApplication" time="-1.653556782704E9">
    <skipped/>
  </testcase> <!-- @AfterMethod logoutFromApplication -->
  <testcase classname="TestClasses.Testcls1" name="@AfterClass clearObject" time="-1.653556782706E9">
    <skipped/>
  </testcase> <!-- @AfterClass clearObject -->
  <testcase classname="TestClasses.Testcls1" name="@AfterTest closedBrowser" time="-1.653556782707E9">
    <skipped/>
  </testcase> <!-- @AfterTest closedBrowser -->
  <testcase classname="TestClasses.Testcls1" name="verifyReportsTab" time="3.086">
    <failure type="org.openqa.selenium.ElementClickInterceptedException" message="Element &amp;lt;a class=&amp;quot;content reports&amp;quot; href=&amp;quot;/kpatil/reports/dashboard.do&amp;quot;&amp;gt; is not clickable at point (803,35) because another element &amp;lt;div id=&amp;quot;preInsertedTransformedMoireId&amp;quot; class=&amp;quot;transformedMoireClass&amp;quot;&amp;gt; obscures it
Build info: version: &amp;apos;3.141.59&amp;apos;, revision: &amp;apos;e82be7d358&amp;apos;, time: &amp;apos;2018-11-14T08:17:03&amp;apos;
System info: host: &amp;apos;KOMAL&amp;apos;, ip: &amp;apos;192.168.0.103&amp;apos;, os.name: &amp;apos;Windows 11&amp;apos;, os.arch: &amp;apos;amd64&amp;apos;, os.version: &amp;apos;10.0&amp;apos;, java.version: &amp;apos;17.0.2&amp;apos;
Driver info: org.openqa.selenium.firefox.FirefoxDriver
Capabilities {acceptInsecureCerts: true, browserName: firefox, browserVersion: 100.0.2, javascriptEnabled: true, moz:accessibilityChecks: false, moz:buildID: 20220519220738, moz:geckodriverVersion: 0.31.0, moz:headless: false, moz:processID: 31696, moz:profile: C:\Users\kvpat\AppData\Loca..., moz:shutdownTimeout: 60000, moz:useNonSpecCompliantPointerOrigin: false, moz:webdriverClick: true, pageLoadStrategy: normal, platform: WINDOWS, platformName: WINDOWS, platformVersion: 10.0, proxy: Proxy(), setWindowRect: true, strictFileInteractability: false, timeouts: {implicit: 0, pageLoad: 300000, script: 30000}, unhandledPromptBehavior: dismiss and notify}
Session ID: 96d984e7-2e06-4ea6-95c9-23ace422f8dd">
      <![CDATA[org.openqa.selenium.ElementClickInterceptedException: Element <a class="content reports" href="/kpatil/reports/dashboard.do"> is not clickable at point (803,35) because another element <div id="preInsertedTransformedMoireId" class="transformedMoireClass"> obscures it
Build info: version: '3.141.59', revision: 'e82be7d358', time: '2018-11-14T08:17:03'
System info: host: 'KOMAL', ip: '192.168.0.103', os.name: 'Windows 11', os.arch: 'amd64', os.version: '10.0', java.version: '17.0.2'
Driver info: org.openqa.selenium.firefox.FirefoxDriver
Capabilities {acceptInsecureCerts: true, browserName: firefox, browserVersion: 100.0.2, javascriptEnabled: true, moz:accessibilityChecks: false, moz:buildID: 20220519220738, moz:geckodriverVersion: 0.31.0, moz:headless: false, moz:processID: 31696, moz:profile: C:\Users\kvpat\AppData\Loca..., moz:shutdownTimeout: 60000, moz:useNonSpecCompliantPointerOrigin: false, moz:webdriverClick: true, pageLoadStrategy: normal, platform: WINDOWS, platformName: WINDOWS, platformVersion: 10.0, proxy: Proxy(), setWindowRect: true, strictFileInteractability: false, timeouts: {implicit: 0, pageLoad: 300000, script: 30000}, unhandledPromptBehavior: dismiss and notify}
Session ID: 96d984e7-2e06-4ea6-95c9-23ace422f8dd
at org.openqa.selenium.remote.http.W3CHttpResponseCodec.createException(W3CHttpResponseCodec.java:187)
at org.openqa.selenium.remote.http.W3CHttpResponseCodec.decode(W3CHttpResponseCodec.java:122)
at org.openqa.selenium.remote.http.W3CHttpResponseCodec.decode(W3CHttpResponseCodec.java:49)
at org.openqa.selenium.remote.HttpCommandExecutor.execute(HttpCommandExecutor.java:158)
at org.openqa.selenium.remote.service.DriverCommandExecutor.execute(DriverCommandExecutor.java:83)
at org.openqa.selenium.remote.RemoteWebDriver.execute(RemoteWebDriver.java:552)
at org.openqa.selenium.remote.RemoteWebElement.execute(RemoteWebElement.java:285)
at org.openqa.selenium.remote.RemoteWebElement.click(RemoteWebElement.java:84)
at org.openqa.selenium.support.pagefactory.internal.LocatingElementHandler.invoke(LocatingElementHandler.java:51)
at jdk.proxy2/jdk.proxy2.$Proxy17.click(Unknown Source)
at PomClasses.ApplicationHeader.ClickOnreportTab(ApplicationHeader.java:38)
at TestClasses.Testcls1.verifyReportsTab(Testcls1.java:82)
at java.base/java.util.ArrayList.forEach(ArrayList.java:1511)
... Removed 36 stack frames]]>
    </failure>
  </testcase> <!-- verifyReportsTab -->
  <testcase classname="TestClasses.Testcls1" name="verifyTaskTab" time="0.0">
    <skipped/>
  </testcase> <!-- verifyTaskTab -->
</testsuite> <!-- FirefoxTest -->
