<?xml version="1.0" encoding="UTF-8"?>
<!-- Generated by org.testng.reporters.JUnitXMLReporter -->
<testsuite ignored="0" hostname="Komal" failures="0" tests="4" name="OperaTest" time="0.014" errors="0" timestamp="2022-05-24T16:04:18 IST">
  <testcase classname="TestClasses.Testclass1" name="testC" time="0.001"/>
  <testcase classname="TestClasses.Testclass1" name="testD" time="0.001"/>
  <testcase classname="TestClasses.Testclass" name="testA" time="0.001"/>
  <testcase classname="TestClasses.Testclass" name="testB" time="0.001"/>
</testsuite> <!-- OperaTest -->
