<?xml version="1.0" encoding="UTF-8"?>
<!-- Generated by org.testng.reporters.JUnitXMLReporter -->
<testsuite ignored="0" hostname="Komal" failures="0" tests="4" name="Test" time="0.062" errors="0" timestamp="2022-05-23T23:53:14 IST">
  <testcase classname="TestClasses.Testclass1" name="testA" time="0.005"/>
  <testcase classname="TestClasses.Testclass1" name="testB" time="0.001"/>
  <testcase classname="TestClasses.Testclass" name="testA" time="0.001"/>
  <testcase classname="TestClasses.Testclass" name="testB" time="0.002"/>
</testsuite> <!-- Test -->
